<?xml version="1.0" encoding="UTF-8"?>
<testng-results skipped="0" failed="0" total="1" passed="1">
  <reporter-output>
  </reporter-output>
  <suite name="Default suite" duration-ms="7264" started-at="2022-01-24T15:44:13Z" finished-at="2022-01-24T15:44:20Z">
    <groups>
    </groups>
    <test name="Default test" duration-ms="7264" started-at="2022-01-24T15:44:13Z" finished-at="2022-01-24T15:44:20Z">
      <class name="sampleTest.MavenTest">
        <test-method status="PASS" signature="testMavenWithSelenium()[pri:0, instance:sampleTest.MavenTest@358c99f5]" name="testMavenWithSelenium" duration-ms="7253" started-at="2022-01-24T21:14:13Z" finished-at="2022-01-24T21:14:20Z">
          <reporter-output>
          </reporter-output>
        </test-method> <!-- testMavenWithSelenium -->
      </class> <!-- sampleTest.MavenTest -->
    </test> <!-- Default test -->
  </suite> <!-- Default suite -->
</testng-results>
